#
# There is insufficient memory for the Java Runtime Environment to continue.
# Native memory allocation (mmap) failed to map 201326592 bytes for Failed to commit area from 0x0000000741e00000 to 0x000000074de00000 of length 201326592.
# Possible reasons:
#   The system is out of physical RAM or swap space
#   The process is running with CompressedOops enabled, and the Java Heap may be blocking the growth of the native heap
# Possible solutions:
#   Reduce memory load on the system
#   Increase physical memory or swap space
#   Check if swap backing store is full
#   Decrease Java heap size (-Xmx/-Xms)
#   Decrease number of Java threads
#   Decrease Java thread stack sizes (-Xss)
#   Set larger code cache with -XX:ReservedCodeCacheSize=
# This output file may be truncated or incomplete.
#
#  Out of Memory Error (src/hotspot/os/windows/os_windows.cpp:3624), pid=10660, tid=17260
#
# JRE version:  (11.0.14.1+1) (build )
# Java VM: OpenJDK 64-Bit Server VM (11.0.14.1+1-b2043.25, mixed mode, sharing, tiered, compressed oops, g1 gc, windows-amd64)
# No core dump will be written. Minidumps are not enabled by default on client versions of Windows
#

---------------  S U M M A R Y ------------

Command Line: git4idea.http.GitAskPassApp Username for 'https://github.com': 

Host: Intel(R) Core(TM) i3-8130U CPU @ 2.20GHz, 4 cores, 11G,  Windows 10 , 64 bit Build 19041 (10.0.19041.1889)
Time: Mon Aug 22 23:50:49 2022 Eastern Daylight Time elapsed time: 0.017931 seconds (0d 0h 0m 0s)

---------------  T H R E A D  ---------------

Current thread (0x000001825aa25800):  JavaThread "Unknown thread" [_thread_in_vm, id=17260, stack(0x00000012c2700000,0x00000012c2800000)]

Stack: [0x00000012c2700000,0x00000012c2800000]
Native frames: (J=compiled Java code, j=interpreted, Vv=VM code, C=native code)
V  [jvm.dll+0x61618a]
V  [jvm.dll+0x79c450]
V  [jvm.dll+0x79da6d]
V  [jvm.dll+0x79e143]
V  [jvm.dll+0x24c968]
V  [jvm.dll+0x6131f4]
V  [jvm.dll+0x607ef5]
V  [jvm.dll+0x30b35b]
V  [jvm.dll+0x30b2ca]
V  [jvm.dll+0x30b1a2]
V  [jvm.dll+0x3100f6]
V  [jvm.dll+0x35b7e3]
V  [jvm.dll+0x35bee6]
V  [jvm.dll+0x35b8e3]
V  [jvm.dll+0x2e5b68]
V  [jvm.dll+0x2e6d17]
V  [jvm.dll+0x779087]
V  [jvm.dll+0x77a87c]
V  [jvm.dll+0x368d99]
V  [jvm.dll+0x75c9de]
V  [jvm.dll+0x3d6d53]
V  [jvm.dll+0x3d92f1]
C  [jli.dll+0x536b]
C  [ucrtbase.dll+0x21bb2]
C  [KERNEL32.DLL+0x17034]
C  [ntdll.dll+0x52651]


---------------  P R O C E S S  ---------------

Threads class SMR info:
_java_thread_list=0x00000182588346d0, length=0, elements={
}

Java Threads: ( => current thread )

Other Threads:
  0x000001825aa3f800 GCTaskThread "GC Thread#0" [stack: 0x00000012c2800000,0x00000012c2900000] [id=10832]
  0x000001825aa85800 ConcurrentGCThread "G1 Main Marker" [stack: 0x00000012c2900000,0x00000012c2a00000] [id=4572]
  0x000001825aa88000 ConcurrentGCThread "G1 Conc#0" [stack: 0x00000012c2a00000,0x00000012c2b00000] [id=10584]

[error occurred during error reporting (printing all threads), id 0xc0000005, EXCEPTION_ACCESS_VIOLATION (0xc0000005) at pc=0x00007ffab6656177]

VM state:not at safepoint (not fully initialized)

VM Mutex/Monitor currently owned by a thread:  ([mutex/lock_event])
[0x000001825aa23100] Heap_lock - owner thread: 0x000001825aa25800

Heap address: 0x0000000741e00000, size: 3042 MB, Compressed Oops mode: Non-zero based: 0x0000000741e00000
Narrow klass base: 0x0000000000000000, Narrow klass shift: 0

GC Heap History (0 events):
No events

Deoptimization events (0 events):
No events

Classes redefined (0 events):
No events

Internal exceptions (0 events):
No events

Events (1 events):
Event: 0.009 Loaded shared library C:\Users\kid\Documents\CYDEO\ideaIU-2022.1.win\jbr\bin\zip.dll


Dynamic libraries:
0x00007ff721e70000 - 0x00007ff721e7a000 	C:\Users\kid\Documents\CYDEO\ideaIU-2022.1.win\jbr\bin\java.exe
0x00007ffb25eb0000 - 0x00007ffb260a8000 	C:\WINDOWS\SYSTEM32\ntdll.dll
0x00007ffb25140000 - 0x00007ffb251fd000 	C:\WINDOWS\System32\KERNEL32.DLL
0x00007ffb237a0000 - 0x00007ffb23a6e000 	C:\WINDOWS\System32\KERNELBASE.dll
0x00007ffb20e90000 - 0x00007ffb20f20000 	C:\WINDOWS\SYSTEM32\apphelp.dll
0x00007ffb23dc0000 - 0x00007ffb23ec0000 	C:\WINDOWS\System32\ucrtbase.dll
0x00007ffb06830000 - 0x00007ffb06849000 	C:\Users\kid\Documents\CYDEO\ideaIU-2022.1.win\jbr\bin\jli.dll
0x00007ffb06780000 - 0x00007ffb06796000 	C:\Users\kid\Documents\CYDEO\ideaIU-2022.1.win\jbr\bin\VCRUNTIME140.dll
0x00007ffb24fa0000 - 0x00007ffb25140000 	C:\WINDOWS\System32\USER32.dll
0x00007ffb23770000 - 0x00007ffb23792000 	C:\WINDOWS\System32\win32u.dll
0x00007ffb259e0000 - 0x00007ffb25a0a000 	C:\WINDOWS\System32\GDI32.dll
0x00007ffb1bff0000 - 0x00007ffb1c28a000 	C:\WINDOWS\WinSxS\amd64_microsoft.windows.common-controls_6595b64144ccf1df_6.0.19041.1110_none_60b5254171f9507e\COMCTL32.dll
0x00007ffb235d0000 - 0x00007ffb236db000 	C:\WINDOWS\System32\gdi32full.dll
0x00007ffb25940000 - 0x00007ffb259de000 	C:\WINDOWS\System32\msvcrt.dll
0x00007ffb23d20000 - 0x00007ffb23dbd000 	C:\WINDOWS\System32\msvcp_win.dll
0x00007ffb23f10000 - 0x00007ffb23f40000 	C:\WINDOWS\System32\IMM32.DLL
0x00007ffaf9dd0000 - 0x00007ffaf9e7a000 	C:\Users\kid\Documents\CYDEO\ideaIU-2022.1.win\jbr\bin\msvcp140.dll
0x00007ffab6360000 - 0x00007ffab6eda000 	C:\Users\kid\Documents\CYDEO\ideaIU-2022.1.win\jbr\bin\server\jvm.dll
0x00007ffb25260000 - 0x00007ffb2530e000 	C:\WINDOWS\System32\ADVAPI32.dll
0x00007ffb258a0000 - 0x00007ffb2593c000 	C:\WINDOWS\System32\sechost.dll
0x00007ffb24e70000 - 0x00007ffb24f95000 	C:\WINDOWS\System32\RPCRT4.dll
0x00007ffb25520000 - 0x00007ffb25528000 	C:\WINDOWS\System32\PSAPI.DLL
0x00007ffb128f0000 - 0x00007ffb128f9000 	C:\WINDOWS\SYSTEM32\WSOCK32.dll
0x00007ffb0f0a0000 - 0x00007ffb0f0c7000 	C:\WINDOWS\SYSTEM32\WINMM.dll
0x00007ffb25e00000 - 0x00007ffb25e6b000 	C:\WINDOWS\System32\WS2_32.dll
0x00007ffb12380000 - 0x00007ffb1238a000 	C:\WINDOWS\SYSTEM32\VERSION.dll
0x00007ffb21470000 - 0x00007ffb21482000 	C:\WINDOWS\SYSTEM32\kernel.appcore.dll
0x00007ffb1b250000 - 0x00007ffb1b261000 	C:\Users\kid\Documents\CYDEO\ideaIU-2022.1.win\jbr\bin\verify.dll
0x00007ffb12b80000 - 0x00007ffb12d64000 	C:\WINDOWS\SYSTEM32\DBGHELP.DLL
0x00007ffb18b50000 - 0x00007ffb18b7c000 	C:\WINDOWS\SYSTEM32\dbgcore.DLL
0x00007ffb236e0000 - 0x00007ffb23762000 	C:\WINDOWS\System32\bcryptPrimitives.dll
0x00007ffb06930000 - 0x00007ffb06959000 	C:\Users\kid\Documents\CYDEO\ideaIU-2022.1.win\jbr\bin\java.dll
0x00007ffb1f0b0000 - 0x00007ffb1f0bb000 	C:\Users\kid\Documents\CYDEO\ideaIU-2022.1.win\jbr\bin\jimage.dll
0x00007ffb107f0000 - 0x00007ffb10809000 	C:\Users\kid\Documents\CYDEO\ideaIU-2022.1.win\jbr\bin\zip.dll

dbghelp: loaded successfully - version: 4.0.5 - missing functions: none
symbol engine: initialized successfully - sym options: 0x614 - pdb path: .;C:\Users\kid\Documents\CYDEO\ideaIU-2022.1.win\jbr\bin;C:\WINDOWS\SYSTEM32;C:\WINDOWS\WinSxS\amd64_microsoft.windows.common-controls_6595b64144ccf1df_6.0.19041.1110_none_60b5254171f9507e;C:\Users\kid\Documents\CYDEO\ideaIU-2022.1.win\jbr\bin\server

VM Arguments:
java_command: git4idea.http.GitAskPassApp Username for 'https://github.com': 
java_class_path (initial): C:/Users/kid/Documents/CYDEO/ideaIU-2022.1.win/plugins/git4idea/lib/git4idea-rt.jar;C:/Users/kid/Documents/CYDEO/ideaIU-2022.1.win/lib/externalProcess-rt.jar;C:/Users/kid/Documents/CYDEO/ideaIU-2022.1.win/lib/app.jar;C:/Users/kid/Documents/CYDEO/ideaIU-2022.1.win/lib/3rd-party-rt.jar
Launcher Type: SUN_STANDARD

[Global flags]
     intx CICompilerCount                          = 3                                         {product} {ergonomic}
     uint ConcGCThreads                            = 1                                         {product} {ergonomic}
     uint G1ConcRefinementThreads                  = 4                                         {product} {ergonomic}
   size_t G1HeapRegionSize                         = 1048576                                   {product} {ergonomic}
    uintx GCDrainStackTargetSize                   = 64                                        {product} {ergonomic}
   size_t InitialHeapSize                          = 201326592                                 {product} {ergonomic}
   size_t MarkStackSize                            = 4194304                                   {product} {ergonomic}
   size_t MaxHeapSize                              = 3189768192                                {product} {ergonomic}
   size_t MinHeapDeltaBytes                        = 1048576                                   {product} {ergonomic}
    uintx NonNMethodCodeHeapSize                   = 5830732                                {pd product} {ergonomic}
    uintx NonProfiledCodeHeapSize                  = 122913754                              {pd product} {ergonomic}
    uintx ProfiledCodeHeapSize                     = 122913754                              {pd product} {ergonomic}
    uintx ReservedCodeCacheSize                    = 251658240                              {pd product} {ergonomic}
     bool SegmentedCodeCache                       = true                                      {product} {ergonomic}
     bool UseCompressedClassPointers               = true                                 {lp64_product} {ergonomic}
     bool UseCompressedOops                        = true                                 {lp64_product} {ergonomic}
     bool UseG1GC                                  = true                                      {product} {ergonomic}
     bool UseLargePagesIndividualAllocation        = false                                  {pd product} {ergonomic}

Logging:
Log output configuration:
 #0: stdout all=warning uptime,level,tags
 #1: stderr all=off uptime,level,tags

Environment Variables:
PATH=C:/Program Files/Git/mingw64/libexec/git-core;C:/Program Files/Git/mingw64/libexec/git-core;C:\Program Files\Git\mingw64\bin;C:\Program Files\Git\usr\bin;C:\Users\kid\bin;C:\Program Files\Common Files\Oracle\Java\javapath;C:\Program Files (x86)\Intel\iCLS Client\;C:\Program Files\Intel\iCLS Client\;C:\WINDOWS\system32;C:\WINDOWS;C:\WINDOWS\System32\Wbem;C:\WINDOWS\System32\WindowsPowerShell\v1.0\;C:\WINDOWS\System32\OpenSSH\;C:\Program Files (x86)\Intel\Intel(R) Management Engine Components\DAL;C:\Program Files\Intel\Intel(R) Management Engine Components\DAL;C:\Program Files (x86)\Intel\Intel(R) Management Engine Components\IPT;C:\Program Files\Intel\Intel(R) Management Engine Components\IPT;C:\Program Files\Intel\WiFi\bin\;C:\Program Files\Common Files\Intel\WirelessCommon\;C:\Program Files\PuTTY\;%JAVA_HOME%\bin;C:\Program Files\Git\cmd;C:\Program Files\Maven\apache-maven-3.8.6\bin;C:\Users\kid\AppData\Local\Microsoft\WindowsApps
USERNAME=kid
DISPLAY=:0.0
LC_ALL=en_US.UTF-8
OS=Windows_NT
PROCESSOR_IDENTIFIER=Intel64 Family 6 Model 142 Stepping 10, GenuineIntel



---------------  S Y S T E M  ---------------

OS: Windows 10 , 64 bit Build 19041 (10.0.19041.1889)
OS uptime: 1 days 8:18 hours
Hyper-V role detected

CPU:total 4 (initial active 4) (2 cores per cpu, 2 threads per core) family 6 model 142 stepping 10 microcode 0xb4, cmov, cx8, fxsr, mmx, sse, sse2, sse3, ssse3, sse4.1, sse4.2, popcnt, avx, avx2, aes, clmul, erms, 3dnowpref, lzcnt, ht, tsc, tscinvbit, bmi1, bmi2, adx, fma

Memory: 4k page, system-wide physical 12165M (4786M free)
TotalPageFile size 16261M (AvailPageFile size 12M)
current process WorkingSet (physical memory assigned to process): 10M, peak: 10M
current process commit charge ("private bytes"): 51M, peak: 243M

vm_info: OpenJDK 64-Bit Server VM (11.0.14.1+1-b2043.25) for windows-amd64 JRE (11.0.14.1+1-b2043.25), built on Mar 30 2022 06:22:56 by "" with MS VC++ 14.0 (VS2015)

END.
